<?xml version="1.0" encoding="UTF-8"?>
<!-- Generated by org.testng.reporters.JUnitReportReporter -->
<testsuite hostname="DESKTOP-08EDGK2" failures="0" tests="1" name="testwebsite.juiceshop" time="10.099" errors="0" timestamp="2023-09-05T14:22:55 EDT" skipped="0">
  <testcase classname="testwebsite.juiceshop" name="testrun" time="10.099"/>
</testsuite> <!-- testwebsite.juiceshop -->
