<?xml version="1.0" encoding="UTF-8"?>
<!-- Generated by org.testng.reporters.JUnitReportReporter -->
<testsuite hostname="DESKTOP-08EDGK2" failures="0" tests="1" name="dstestcases.LoggerTest" time="0.681" errors="0" timestamp="2023-08-28T00:41:12 EDT" skipped="0">
  <testcase classname="dstestcases.LoggerTest" name="tst01_TestingLog" time="0.681"/>
</testsuite> <!-- dstestcases.LoggerTest -->
